<?xml version="1.0" encoding="utf-8"?><testsuites name="pytest tests"><testsuite name="pytest" errors="0" failures="0" skipped="0" tests="30" time="7.127" timestamp="2026-07-08T08:49:35.892197+00:00" hostname="agent-env-baa1698d-d396-4936-9714-266722acb482"><testcase classname="tests.test_ayana_api.TestAuth" name="test_register_new_user" time="0.683" /><testcase classname="tests.test_ayana_api.TestPlanLimits" name="test_basic_rejects_4_checkins" time="1.049" /><testcase classname="tests.test_ayana_api.TestAuth" name="test_register_duplicate_email" time="0.317" /><testcase classname="tests.test_ayana_api.TestAuth" name="test_register_invalid_phone" time="0.049" /><testcase classname="tests.test_ayana_api.TestAuth" name="test_login_success" time="0.490" /><testcase classname="tests.test_ayana_api.TestAuth" name="test_login_wrong_password" time="0.267" /><testcase classname="tests.test_ayana_api.TestPlanLimits" name="test_basic_rejects_3_reminders" time="1.082" /><testcase classname="tests.test_ayana_api.TestAuth" name="test_admin_login" time="0.271" /><testcase classname="tests.test_ayana_api.TestAuth" name="test_me_requires_auth" time="0.042" /><testcase classname="tests.test_ayana_api.TestAuth" name="test_me_with_token" time="0.046" /><testcase classname="tests.test_ayana_api.TestAdmin" name="test_admin_stats" time="0.511" /><testcase classname="tests.test_ayana_api.TestPlanLimits" name="test_basic_accepts_3_checkins_and_2_reminders" time="0.704" /><testcase classname="tests.test_ayana_api.TestAdmin" name="test_admin_users" time="0.068" /><testcase classname="tests.test_ayana_api.TestAdmin" name="test_admin_messages" time="0.045" /><testcase classname="tests.test_ayana_api.TestAdmin" name="test_admin_emergencies" time="0.045" /><testcase classname="tests.test_ayana_api.TestAdmin" name="test_admin_requires_admin_role" time="0.044" /><testcase classname="tests.test_ayana_api.TestMessagesPreview" name="test_preview_telugu_checkin_has_reply_footer" time="0.224" /><testcase classname="tests.test_ayana_api.TestMessagesPreview" name="test_preview_english_reminder_has_footer" time="0.045" /><testcase classname="tests.test_ayana_api.TestPlanLimits" name="test_care_plus_allows_10_checkins" time="0.681" /><testcase classname="tests.test_ayana_api.TestMessagesPreview" name="test_preview_hindi_checkin_has_footer" time="0.042" /><testcase classname="tests.test_ayana_api.TestMessagesPreview" name="test_message_logs_returns_list" time="0.045" /><testcase classname="tests.test_ayana_api.TestPayment" name="test_checkout_care_plus_stored" time="0.594" /><testcase classname="tests.test_ayana_api.TestPlanLimits" name="test_empty_messages_rejected" time="0.645" /><testcase classname="tests.test_ayana_api.TestPayment" name="test_checkout_invalid_plan_defaults_to_basic" time="0.320" /><testcase classname="tests.test_ayana_api.TestHealth" name="test_root" time="0.269" /><testcase classname="tests.test_ayana_api.TestHealth" name="test_config_returns_plans_currencies_categories" time="0.051" /><testcase classname="tests.test_ayana_api.TestOnboardingChain" name="test_full_flow_basic_plan" time="1.237" /><testcase classname="tests.test_ayana_api.TestAccountDelete" name="test_delete_account" time="0.367" /><testcase classname="tests.test_ayana_api.TestParentsCRUD" name="test_parent_update_delete" time="0.538" /><testcase classname="tests.test_ayana_api.TestSchedulesCRUD" name="test_toggle_and_delete" time="0.565" /></testsuite></testsuites>