<?xml version="1.0" encoding="utf-8"?><testsuites name="pytest tests"><testsuite name="pytest" errors="0" failures="0" skipped="0" tests="52" time="18.519" timestamp="2026-07-08T09:59:19.224823+00:00" hostname="agent-env-baa1698d-d396-4936-9714-266722acb482"><testcase classname="tests.test_replies_and_i18n.TestSimulateReplyParsing" name="test_text_1_maps_to_good" time="1.378" /><testcase classname="tests.test_ayana_api.TestAuth" name="test_register_new_user" time="0.649" /><testcase classname="tests.test_ayana_api.TestAuth" name="test_register_duplicate_email" time="0.358" /><testcase classname="tests.test_ayana_api.TestAuth" name="test_register_invalid_phone" time="0.332" /><testcase classname="tests.test_ayana_api.TestAuth" name="test_login_success" time="0.307" /><testcase classname="tests.test_replies_and_i18n.TestSimulateReplyParsing" name="test_text_2_maps_to_okay" time="1.334" /><testcase classname="tests.test_ayana_api.TestAuth" name="test_login_wrong_password" time="0.457" /><testcase classname="tests.test_ayana_api.TestAuth" name="test_admin_login" time="0.268" /><testcase classname="tests.test_ayana_api.TestAuth" name="test_me_requires_auth" time="0.043" /><testcase classname="tests.test_ayana_api.TestAuth" name="test_me_with_token" time="0.255" /><testcase classname="tests.test_circle_and_send.TestCarePlusCircle" name="test_care_plus_get_circle" time="0.899" /><testcase classname="tests.test_replies_and_i18n.TestSimulateReplyParsing" name="test_text_3_maps_to_not_well" time="0.859" /><testcase classname="tests.test_replies_and_i18n.TestSimulateReplyParsing" name="test_telugu_bagunna_maps_to_good" time="1.117" /><testcase classname="tests.test_circle_and_send.TestCarePlusCircle" name="test_care_plus_invite_and_list" time="1.385" /><testcase classname="tests.test_replies_and_i18n.TestSimulateReplyParsing" name="test_telugu_baledu_maps_to_not_well" time="0.839" /><testcase classname="tests.test_circle_and_send.TestCarePlusCircle" name="test_invite_duplicate_rejected" time="0.893" /><testcase classname="tests.test_replies_and_i18n.TestSimulateReplyParsing" name="test_voice_note_flag" time="0.879" /><testcase classname="tests.test_circle_and_send.TestCarePlusCircle" name="test_invite_own_email_rejected" time="0.957" /><testcase classname="tests.test_replies_and_i18n.TestSimulateReplyParsing" name="test_help_pain_creates_emergency_event" time="1.009" /><testcase classname="tests.test_circle_and_send.TestCarePlusCircle" name="test_invite_bad_email" time="0.877" /><testcase classname="tests.test_circle_and_send.TestCarePlusCircle" name="test_cancel_invite" time="1.026" /><testcase classname="tests.test_replies_and_i18n.TestSimulateReplyParsing" name="test_simulate_parent_not_found" time="0.535" /><testcase classname="tests.test_ayana_api.TestPlanLimits" name="test_basic_rejects_4_checkins" time="0.488" /><testcase classname="tests.test_ayana_api.TestPlanLimits" name="test_basic_rejects_3_reminders" time="0.710" /><testcase classname="tests.test_ayana_api.TestAdmin" name="test_admin_stats" time="0.354" /><testcase classname="tests.test_ayana_api.TestAdmin" name="test_admin_users" time="0.381" /><testcase classname="tests.test_ayana_api.TestPlanLimits" name="test_basic_accepts_3_checkins_and_2_reminders" time="0.467" /><testcase classname="tests.test_ayana_api.TestAdmin" name="test_admin_messages" time="0.045" /><testcase classname="tests.test_ayana_api.TestAdmin" name="test_admin_emergencies" time="0.087" /><testcase classname="tests.test_ayana_api.TestAdmin" name="test_admin_requires_admin_role" time="0.086" /><testcase classname="tests.test_ayana_api.TestMessagesPreview" name="test_preview_telugu_checkin_has_reply_footer" time="0.222" /><testcase classname="tests.test_ayana_api.TestMessagesPreview" name="test_preview_english_reminder_has_footer" time="0.044" /><testcase classname="tests.test_ayana_api.TestPlanLimits" name="test_care_plus_allows_10_checkins" time="0.450" /><testcase classname="tests.test_ayana_api.TestMessagesPreview" name="test_preview_hindi_checkin_has_footer" time="0.044" /><testcase classname="tests.test_ayana_api.TestMessagesPreview" name="test_message_logs_returns_list" time="0.045" /><testcase classname="tests.test_ayana_api.TestHealth" name="test_root" time="0.043" /><testcase classname="tests.test_ayana_api.TestHealth" name="test_config_returns_plans_currencies_categories" time="0.044" /><testcase classname="tests.test_ayana_api.TestPayment" name="test_checkout_care_plus_stored" time="0.589" /><testcase classname="tests.test_ayana_api.TestPlanLimits" name="test_empty_messages_rejected" time="0.896" /><testcase classname="tests.test_circle_and_send.TestSendTest" name="test_send_test_returns_status_and_logs" time="1.004" /><testcase classname="tests.test_ayana_api.TestPayment" name="test_checkout_invalid_plan_defaults_to_basic" time="0.535" /><testcase classname="tests.test_circle_and_send.TestAutoLinkOnRegister" name="test_invited_email_becomes_member_on_register" time="1.940" /><testcase classname="tests.test_circle_and_send.TestSendTest" name="test_send_test_medicine_reminder" time="0.936" /><testcase classname="tests.test_circle_and_send.TestAutoLinkOnRegister" name="test_owner_can_remove_member" time="1.608" /><testcase classname="tests.test_circle_and_send.TestSendTest" name="test_send_test_parent_not_found" time="0.313" /><testcase classname="tests.test_ayana_api.TestOnboardingChain" name="test_full_flow_basic_plan" time="1.603" /><testcase classname="tests.test_replies_and_i18n.TestRepliesList" name="test_list_returns_scoped_replies_with_parent_name" time="1.433" /><testcase classname="tests.test_ayana_api.TestParentsCRUD" name="test_parent_update_delete" time="1.119" /><testcase classname="tests.test_replies_and_i18n.TestRepliesList" name="test_list_is_scoped_per_owner" time="1.348" /><testcase classname="tests.test_ayana_api.TestSchedulesCRUD" name="test_toggle_and_delete" time="1.033" /><testcase classname="tests.test_circle_and_send.TestBasicPlanBlocked" name="test_basic_owner_cannot_invite" time="0.504" /><testcase classname="tests.test_ayana_api.TestAccountDelete" name="test_delete_account" time="0.393" /></testsuite></testsuites>